#! /usr/bin/vvp
:ivl_version "10.3 (stable)";
:ivl_delay_selection "TYPICAL";
:vpi_time_precision - 12;
:vpi_module "system";
:vpi_module "vhdl_sys";
:vpi_module "v2005_math";
:vpi_module "va_math";
S_0x55f9f5f22110 .scope module, "tb_dvsd_4bit_binary_counter" "tb_dvsd_4bit_binary_counter" 2 15;
 .timescale -9 -12;
v0x55f9f5f56910_0 .var "clk", 0 0;
v0x55f9f5f569d0_0 .net "out", 3 0, v0x55f9f5f565f0_0;  1 drivers
v0x55f9f5f56aa0_0 .var "reset", 0 0;
v0x55f9f5f56ba0_0 .var "updown", 0 0;
S_0x55f9f5f0d090 .scope module, "c0" "dvsd_4bit_binary_counter" 2 22, 3 9 0, S_0x55f9f5f22110;
 .timescale -9 -12;
    .port_info 0 /INPUT 1 "clk"
    .port_info 1 /INPUT 1 "reset"
    .port_info 2 /INPUT 1 "updown"
    .port_info 3 /OUTPUT 4 "out"
v0x55f9f5f0d2f0_0 .net "clk", 0 0, v0x55f9f5f56910_0;  1 drivers
v0x55f9f5f565f0_0 .var "out", 3 0;
v0x55f9f5f566d0_0 .net "reset", 0 0, v0x55f9f5f56aa0_0;  1 drivers
v0x55f9f5f567a0_0 .net "updown", 0 0, v0x55f9f5f56ba0_0;  1 drivers
E_0x55f9f5f44fa0 .event posedge, v0x55f9f5f0d2f0_0;
    .scope S_0x55f9f5f0d090;
T_0 ;
    %wait E_0x55f9f5f44fa0;
    %load/vec4 v0x55f9f5f566d0_0;
    %flag_set/vec4 8;
    %jmp/0xz  T_0.0, 8;
    %pushi/vec4 0, 0, 4;
    %assign/vec4 v0x55f9f5f565f0_0, 0;
    %jmp T_0.1;
T_0.0 ;
    %load/vec4 v0x55f9f5f567a0_0;
    %pad/u 32;
    %cmpi/e 1, 0, 32;
    %jmp/0xz  T_0.2, 4;
    %load/vec4 v0x55f9f5f565f0_0;
    %pad/u 32;
    %cmpi/e 15, 0, 32;
    %jmp/0xz  T_0.4, 4;
    %pushi/vec4 0, 0, 4;
    %assign/vec4 v0x55f9f5f565f0_0, 0;
    %jmp T_0.5;
T_0.4 ;
    %load/vec4 v0x55f9f5f565f0_0;
    %addi 1, 0, 4;
    %assign/vec4 v0x55f9f5f565f0_0, 0;
T_0.5 ;
    %jmp T_0.3;
T_0.2 ;
    %load/vec4 v0x55f9f5f565f0_0;
    %pad/u 32;
    %cmpi/e 0, 0, 32;
    %jmp/0xz  T_0.6, 4;
    %pushi/vec4 15, 0, 4;
    %assign/vec4 v0x55f9f5f565f0_0, 0;
    %jmp T_0.7;
T_0.6 ;
    %load/vec4 v0x55f9f5f565f0_0;
    %subi 1, 0, 4;
    %assign/vec4 v0x55f9f5f565f0_0, 0;
T_0.7 ;
T_0.3 ;
T_0.1 ;
    %jmp T_0;
    .thread T_0;
    .scope S_0x55f9f5f22110;
T_1 ;
    %delay 5000, 0;
    %load/vec4 v0x55f9f5f56910_0;
    %inv;
    %store/vec4 v0x55f9f5f56910_0, 0, 1;
    %jmp T_1;
    .thread T_1;
    .scope S_0x55f9f5f22110;
T_2 ;
    %vpi_call 2 36 "$dumpfile", "tb_dvsd_4bit_binary_counter.vcd" {0 0 0};
    %vpi_call 2 37 "$dumpvars", 32'sb00000000000000000000000000000000, S_0x55f9f5f22110 {0 0 0};
    %pushi/vec4 0, 0, 1;
    %assign/vec4 v0x55f9f5f56910_0, 0;
    %pushi/vec4 0, 0, 1;
    %assign/vec4 v0x55f9f5f56aa0_0, 0;
    %pushi/vec4 0, 0, 1;
    %assign/vec4 v0x55f9f5f56ba0_0, 0;
    %delay 5000, 0;
    %pushi/vec4 1, 0, 1;
    %store/vec4 v0x55f9f5f56aa0_0, 0, 1;
    %pushi/vec4 0, 0, 1;
    %store/vec4 v0x55f9f5f56ba0_0, 0, 1;
    %pushi/vec4 1, 0, 1;
    %store/vec4 v0x55f9f5f56ba0_0, 0, 1;
    %delay 30000, 0;
    %pushi/vec4 0, 0, 1;
    %store/vec4 v0x55f9f5f56aa0_0, 0, 1;
    %pushi/vec4 0, 0, 1;
    %store/vec4 v0x55f9f5f56ba0_0, 0, 1;
    %delay 50000, 0;
    %pushi/vec4 1, 0, 1;
    %store/vec4 v0x55f9f5f56ba0_0, 0, 1;
    %delay 150000, 0;
    %pushi/vec4 1, 0, 1;
    %store/vec4 v0x55f9f5f56aa0_0, 0, 1;
    %delay 20000, 0;
    %vpi_call 2 55 "$finish" {0 0 0};
    %end;
    .thread T_2;
# The file index is used to find the file name in the following table.
:file_names 4;
    "N/A";
    "<interactive>";
    "tb_dvsd_4bit_binary_counter.v";
    "dvsd_4bit_binary_counter.v";
